<?xml version="1.0" encoding="UTF-8"?>
<!-- Generated by org.testng.reporters.JUnitReportReporter -->
<testsuite hostname="DESKTOP-161BKGE" failures="0" tests="1" name="SeleniumProject.SeleniumProject.TC001" time="23.432" errors="0" timestamp="2021-08-27T20:48:51 IST" skipped="0">
  <testcase classname="SeleniumProject.SeleniumProject.TC001" name="method" time="23.432"/>
  <system-out/>
</testsuite> <!-- SeleniumProject.SeleniumProject.TC001 -->
